mode: set
github.com/This-Is-Prince/golang-testing/primeapp/main.go:12.13,30.2 6 0
github.com/This-Is-Prince/golang-testing/primeapp/main.go:32.54,35.6 2 1
github.com/This-Is-Prince/golang-testing/primeapp/main.go:35.6,38.11 2 1
github.com/This-Is-Prince/golang-testing/primeapp/main.go:38.11,41.4 2 1
github.com/This-Is-Prince/golang-testing/primeapp/main.go:43.3,44.11 2 1
github.com/This-Is-Prince/golang-testing/primeapp/main.go:48.58,53.44 2 1
github.com/This-Is-Prince/golang-testing/primeapp/main.go:53.44,55.3 1 1
github.com/This-Is-Prince/golang-testing/primeapp/main.go:58.2,60.16 2 1
github.com/This-Is-Prince/golang-testing/primeapp/main.go:60.16,62.3 1 1
github.com/This-Is-Prince/golang-testing/primeapp/main.go:64.2,66.19 2 1
github.com/This-Is-Prince/golang-testing/primeapp/main.go:69.14,74.2 4 1
github.com/This-Is-Prince/golang-testing/primeapp/main.go:76.15,78.2 1 1
github.com/This-Is-Prince/golang-testing/primeapp/main.go:80.36,83.22 1 1
github.com/This-Is-Prince/golang-testing/primeapp/main.go:83.22,85.3 1 1
github.com/This-Is-Prince/golang-testing/primeapp/main.go:88.2,88.11 1 1
github.com/This-Is-Prince/golang-testing/primeapp/main.go:88.11,90.3 1 1
github.com/This-Is-Prince/golang-testing/primeapp/main.go:93.2,93.25 1 1
github.com/This-Is-Prince/golang-testing/primeapp/main.go:93.25,94.15 1 1
github.com/This-Is-Prince/golang-testing/primeapp/main.go:94.15,97.4 1 1
github.com/This-Is-Prince/golang-testing/primeapp/main.go:99.2,99.54 1 1
